This is pdfTeX, Version 3.14159265-2.6-1.40.19 (TeX Live 2019/dev/Debian) (preloaded format=pdflatex 2018.12.26)  20 FEB 2019 11:20
entering extended mode
 restricted \write18 enabled.
 %&-line parsing enabled.
**03_abstract.tex
(./03_abstract.tex
LaTeX2e <2018-04-01> patch level 5
! Undefined control sequence.
l.10 \chapterend
                
The control sequence at the end of the top line
of your error message was never \def'ed. If you have
misspelled it (e.g., `\hobx'), type `I' and the correct
spelling (e.g., `I\hbox'). Otherwise just continue,
and I'll forget about whatever was undefined.


! LaTeX Error: Environment titlepage undefined.

See the LaTeX manual or LaTeX Companion for explanation.
Type  H <return>  for immediate help.
 ...                                              
                                                  
l.12 \begin{titlepage}
                      
Your command was ignored.
Type  I <command> <return>  to replace it with another command,
or  <return>  to continue without it.


! Package babel Error: Unknown language `english'. Either you have
(babel)                misspelled its name, it has not been installed,
(babel)                or you requested it in a previous run. Fix its name,
(babel)                install it or just rerun the file, respectively. In
(babel)                some cases, you may need to remove the aux file.

See the babel package documentation for explanation.
Type  H <return>  for immediate help.
 ...                                              
                                                  
l.14 \begin{otherlanguage}{english}
                                   
You may proceed, but expect wrong results


! LaTeX Error: Environment abstract undefined.

See the LaTeX manual or LaTeX Companion for explanation.
Type  H <return>  for immediate help.
 ...                                              
                                                  
l.15 \begin{abstract}
                      % Abstract
Your command was ignored.
Type  I <command> <return>  to replace it with another command,
or  <return>  to continue without it.


! LaTeX Error: Missing \begin{document}.

See the LaTeX manual or LaTeX Companion for explanation.
Type  H <return>  for immediate help.
 ...                                              
                                                  
l.17 W
      rite your abstract here. (Note: the abstract should contain the whole ...

You're in trouble here.  Try typing  <return>  to proceed.
If that doesn't work, type  X <return>  to quit.

Missing character: There is no W in font nullfont!
Missing character: There is no r in font nullfont!
Missing character: There is no i in font nullfont!
Missing character: There is no t in font nullfont!
Missing character: There is no e in font nullfont!
Missing character: There is no y in font nullfont!
Missing character: There is no o in font nullfont!
Missing character: There is no u in font nullfont!
Missing character: There is no r in font nullfont!
Missing character: There is no a in font nullfont!
Missing character: There is no b in font nullfont!
Missing character: There is no s in font nullfont!
Missing character: There is no t in font nullfont!
Missing character: There is no r in font nullfont!
Missing character: There is no a in font nullfont!
Missing character: There is no c in font nullfont!
Missing character: There is no t in font nullfont!
Missing character: There is no h in font nullfont!
Missing character: There is no e in font nullfont!
Missing character: There is no r in font nullfont!
Missing character: There is no e in font nullfont!
Missing character: There is no . in font nullfont!
Missing character: There is no ( in font nullfont!
Missing character: There is no N in font nullfont!
Missing character: There is no o in font nullfont!
Missing character: There is no t in font nullfont!
Missing character: There is no e in font nullfont!
Missing character: There is no : in font nullfont!
Missing character: There is no t in font nullfont!
Missing character: There is no h in font nullfont!
Missing character: There is no e in font nullfont!
Missing character: There is no a in font nullfont!
Missing character: There is no b in font nullfont!
Missing character: There is no s in font nullfont!
Missing character: There is no t in font nullfont!
Missing character: There is no r in font nullfont!
Missing character: There is no a in font nullfont!
Missing character: There is no c in font nullfont!
Missing character: There is no t in font nullfont!
Missing character: There is no s in font nullfont!
Missing character: There is no h in font nullfont!
Missing character: There is no o in font nullfont!
Missing character: There is no u in font nullfont!
Missing character: There is no l in font nullfont!
Missing character: There is no d in font nullfont!
Missing character: There is no c in font nullfont!
Missing character: There is no o in font nullfont!
Missing character: There is no n in font nullfont!
Missing character: There is no t in font nullfont!
Missing character: There is no a in font nullfont!
Missing character: There is no i in font nullfont!
Missing character: There is no n in font nullfont!
Missing character: There is no t in font nullfont!
Missing character: There is no h in font nullfont!
Missing character: There is no e in font nullfont!
Missing character: There is no w in font nullfont!
Missing character: There is no h in font nullfont!
Missing character: There is no o in font nullfont!
Missing character: There is no l in font nullfont!
Missing character: There is no e in font nullfont!
Missing character: There is no w in font nullfont!
Missing character: There is no o in font nullfont!
Missing character: There is no r in font nullfont!
Missing character: There is no k in font nullfont!
LaTeX Font Info:    External font `cmex10' loaded for size
(Font)              <7> on input line 17.
LaTeX Font Info:    External font `cmex10' loaded for size
(Font)              <5> on input line 17.
! Undefined control sequence.
\@footnotetext ...tins {\reset@font \footnotesize 
                                                  \interlinepenalty \interfo...
l.17 ...s} and the \emph{Improvements achieved}? }
                                                    -- especially the results).
The control sequence at the end of the top line
of your error message was never \def'ed. If you have
misspelled it (e.g., `\hobx'), type `I' and the correct
spelling (e.g., `I\hbox'). Otherwise just continue,
and I'll forget about whatever was undefined.

! Undefined control sequence.
\@footnotetext ...}\color@begingroup \@makefntext 
                                                  {\rule \z@ \footnotesep \i...
l.17 ...s} and the \emph{Improvements achieved}? }
                                                    -- especially the results).
The control sequence at the end of the top line
of your error message was never \def'ed. If you have
misspelled it (e.g., `\hobx'), type `I' and the correct
spelling (e.g., `I\hbox'). Otherwise just continue,
and I'll forget about whatever was undefined.

! Undefined control sequence.
<argument> ...es, read the abstract of paper \url 
                                                  {https://arxiv.org/abs/160...
l.17 ...s} and the \emph{Improvements achieved}? }
                                                    -- especially the results).
The control sequence at the end of the top line
of your error message was never \def'ed. If you have
misspelled it (e.g., `\hobx'), type `I' and the correct
spelling (e.g., `I\hbox'). Otherwise just continue,
and I'll forget about whatever was undefined.


Overfull \hbox (25.16672pt too wide) in paragraph at lines 17--17
[][]\OT1/cmr/m/n/10 Learn
 []


Overfull \hbox (20.30562pt too wide) in paragraph at lines 17--17
\OT1/cmr/m/n/10 from
 []


Overfull \hbox (17.77782pt too wide) in paragraph at lines 17--17
\OT1/cmr/m/n/10 oth-
 []


Overfull \hbox (15.08334pt too wide) in paragraph at lines 17--17
\OT1/cmr/m/n/10 ers.
 []


Overfull \hbox (14.61115pt too wide) in paragraph at lines 17--17
\OT1/cmr/m/n/10 For
 []


Overfull \hbox (13.05557pt too wide) in paragraph at lines 17--17
\OT1/cmr/m/n/10 ex-
 []


Overfull \hbox (16.6667pt too wide) in paragraph at lines 17--17
\OT1/cmr/m/n/10 am-
 []


Overfull \hbox (19.50003pt too wide) in paragraph at lines 17--17
\OT1/cmr/m/n/10 ples,
 []


Overfull \hbox (18.9167pt too wide) in paragraph at lines 17--17
\OT1/cmr/m/n/10 read
 []


Overfull \hbox (13.88892pt too wide) in paragraph at lines 17--17
\OT1/cmr/m/n/10 the
 []


Overfull \hbox (13.88892pt too wide) in paragraph at lines 17--17
\OT1/cmr/m/n/10 ab-
 []


Overfull \hbox (25.08337pt too wide) in paragraph at lines 17--17
\OT1/cmr/m/n/10 stract
 []


Overfull \hbox (8.05559pt too wide) in paragraph at lines 17--17
\OT1/cmr/m/n/10 of
 []


Overfull \hbox (13.88892pt too wide) in paragraph at lines 17--17
\OT1/cmr/m/n/10 pa-
 []


Overfull \hbox (14.19447pt too wide) in paragraph at lines 17--17
\OT1/cmr/m/n/10 per
 []


Overfull \hbox (149.33376pt too wide) in paragraph at lines 17--17
\OT1/cmr/m/n/10 https://arxiv.org/abs/1609.03677.
 []


Overfull \hbox (15.97226pt too wide) in paragraph at lines 17--17
\OT1/cmr/m/n/10 Did
 []


Overfull \hbox (15.5556pt too wide) in paragraph at lines 17--17
\OT1/cmr/m/n/10 you
 []


Overfull \hbox (13.88892pt too wide) in paragraph at lines 17--17
\OT1/cmr/m/n/10 no-
 []


Overfull \hbox (15.55557pt too wide) in paragraph at lines 17--17
\OT1/cmr/m/n/10 tice
 []


Overfull \hbox (13.88892pt too wide) in paragraph at lines 17--17
\OT1/cmr/m/n/10 the
 []


Overfull \hbox (20.31651pt too wide) in paragraph at lines 17--17
\OT1/cmr/m/it/10 Cur-
 []


Overfull \hbox (17.24985pt too wide) in paragraph at lines 17--17
\OT1/cmr/m/it/10 rent
 []


Overfull \hbox (17.63321pt too wide) in paragraph at lines 17--17
\OT1/cmr/m/it/10 Sta-
 []


Overfull \hbox (15.55548pt too wide) in paragraph at lines 17--17
\OT1/cmr/m/it/10 tus\OT1/cmr/m/n/10 ,
 []


Overfull \hbox (13.88892pt too wide) in paragraph at lines 17--17
\OT1/cmr/m/n/10 the
 []


Overfull \hbox (23.77759pt too wide) in paragraph at lines 17--17
\OT1/cmr/m/it/10 Prob-
 []


Overfull \hbox (18.11102pt too wide) in paragraph at lines 17--17
\OT1/cmr/m/it/10 lem\OT1/cmr/m/n/10 ,
 []


Overfull \hbox (13.88892pt too wide) in paragraph at lines 17--17
\OT1/cmr/m/n/10 the
 []


Overfull \hbox (13.05547pt too wide) in paragraph at lines 17--17
\OT1/cmr/m/it/10 In-
 []


Overfull \hbox (14.31102pt too wide) in paragraph at lines 17--17
\OT1/cmr/m/it/10 no-
 []


Overfull \hbox (13.28879pt too wide) in paragraph at lines 17--17
\OT1/cmr/m/it/10 va-
 []


Overfull \hbox (19.8999pt too wide) in paragraph at lines 17--17
\OT1/cmr/m/it/10 tion\OT1/cmr/m/n/10 ,
 []


Overfull \hbox (13.88892pt too wide) in paragraph at lines 17--17
\OT1/cmr/m/n/10 the
 []


Overfull \hbox (16.12212pt too wide) in paragraph at lines 17--17
\OT1/cmr/m/it/10 Ap-
 []


Overfull \hbox (65.06065pt too wide) in paragraph at lines 17--17
\OT1/cmr/m/it/10 proach/Method
 []


Overfull \hbox (8.94446pt too wide) in paragraph at lines 17--17
\OT1/cmr/m/n/10 as
 []


Overfull \hbox (16.94446pt too wide) in paragraph at lines 17--17
\OT1/cmr/m/n/10 well
 []


Overfull \hbox (8.94446pt too wide) in paragraph at lines 17--17
\OT1/cmr/m/n/10 as
 []


Overfull \hbox (13.88892pt too wide) in paragraph at lines 17--17
\OT1/cmr/m/n/10 the
 []


Overfull \hbox (14.96098pt too wide) in paragraph at lines 17--17
\OT1/cmr/m/it/10 Re-
 []


Overfull \hbox (19.4221pt too wide) in paragraph at lines 17--17
\OT1/cmr/m/it/10 sults
 []


Overfull \hbox (16.11116pt too wide) in paragraph at lines 17--17
\OT1/cmr/m/n/10 and
 []


Overfull \hbox (13.88892pt too wide) in paragraph at lines 17--17
\OT1/cmr/m/n/10 the
 []


Overfull \hbox (15.61101pt too wide) in paragraph at lines 17--17
\OT1/cmr/m/it/10 Im-
 []


Overfull \hbox (26.70534pt too wide) in paragraph at lines 17--17
\OT1/cmr/m/it/10 prove-
 []


Overfull \hbox (25.81094pt too wide) in paragraph at lines 17--17
\OT1/cmr/m/it/10 ments
 []


Overfull \hbox (42.04419pt too wide) in paragraph at lines 17--17
\OT1/cmr/m/it/10 achieved\OT1/cmr/m/n/10 ?| 
 []

Missing character: There is no - in font nullfont!
Missing character: There is no - in font nullfont!
Missing character: There is no e in font nullfont!
Missing character: There is no s in font nullfont!
Missing character: There is no p in font nullfont!
Missing character: There is no e in font nullfont!
Missing character: There is no c in font nullfont!
Missing character: There is no i in font nullfont!
Missing character: There is no a in font nullfont!
Missing character: There is no l in font nullfont!
Missing character: There is no l in font nullfont!
Missing character: There is no y in font nullfont!
Missing character: There is no t in font nullfont!
Missing character: There is no h in font nullfont!
Missing character: There is no e in font nullfont!
Missing character: There is no r in font nullfont!
Missing character: There is no e in font nullfont!
Missing character: There is no s in font nullfont!
Missing character: There is no u in font nullfont!
Missing character: There is no l in font nullfont!
Missing character: There is no t in font nullfont!
Missing character: There is no s in font nullfont!
Missing character: There is no ) in font nullfont!
Missing character: There is no . in font nullfont!

Overfull \hbox (20.0pt too wide) in paragraph at lines 17--18
[]
 []


Overfull \hbox (4.48613pt too wide) in paragraph at lines 17--18
[]
 []


! LaTeX Error: \begin{otherlanguage} on input line 14 ended by \end{abstract}.

See the LaTeX manual or LaTeX Companion for explanation.
Type  H <return>  for immediate help.
 ...                                              
                                                  
l.19 \end{abstract}
                   
Your command was ignored.
Type  I <command> <return>  to replace it with another command,
or  <return>  to continue without it.


! Package babel Error: Unknown language `english'. Either you have
(babel)                misspelled its name, it has not been installed,
(babel)                or you requested it in a previous run. Fix its name,
(babel)                install it or just rerun the file, respectively. In
(babel)                some cases, you may need to remove the aux file.

See the babel package documentation for explanation.
Type  H <return>  for immediate help.
 ...                                              
                                                  
l.20 \end{otherlanguage}
                        
You may proceed, but expect wrong results


! LaTeX Error: \begin{document} ended by \end{titlepage}.

See the LaTeX manual or LaTeX Companion for explanation.
Type  H <return>  for immediate help.
 ...                                              
                                                  
l.23 \end{titlepage}
                    
Your command was ignored.
Type  I <command> <return>  to replace it with another command,
or  <return>  to continue without it.

! Undefined control sequence.
l.32 \ifthenelse
                {\equal{\yourLanguage}{german}}{
The control sequence at the end of the top line
of your error message was never \def'ed. If you have
misspelled it (e.g., `\hobx'), type `I' and the correct
spelling (e.g., `I\hbox'). Otherwise just continue,
and I'll forget about whatever was undefined.

! Undefined control sequence.
l.32 \ifthenelse{\equal
                       {\yourLanguage}{german}}{
The control sequence at the end of the top line
of your error message was never \def'ed. If you have
misspelled it (e.g., `\hobx'), type `I' and the correct
spelling (e.g., `I\hbox'). Otherwise just continue,
and I'll forget about whatever was undefined.

! Undefined control sequence.
l.32 \ifthenelse{\equal{\yourLanguage
                                     }{german}}{
The control sequence at the end of the top line
of your error message was never \def'ed. If you have
misspelled it (e.g., `\hobx'), type `I' and the correct
spelling (e.g., `I\hbox'). Otherwise just continue,
and I'll forget about whatever was undefined.


! LaTeX Error: Missing \begin{document}.

See the LaTeX manual or LaTeX Companion for explanation.
Type  H <return>  for immediate help.
 ...                                              
                                                  
l.32 \ifthenelse{\equal{\yourLanguage}{g
                                        erman}}{
You're in trouble here.  Try typing  <return>  to proceed.
If that doesn't work, type  X <return>  to quit.

Missing character: There is no g in font nullfont!
Missing character: There is no e in font nullfont!
Missing character: There is no r in font nullfont!
Missing character: There is no m in font nullfont!
Missing character: There is no a in font nullfont!
Missing character: There is no n in font nullfont!

! LaTeX Error: Environment titlepage undefined.

See the LaTeX manual or LaTeX Companion for explanation.
Type  H <return>  for immediate help.
 ...                                              
                                                  
l.33 \begin{titlepage}
                      
Your command was ignored.
Type  I <command> <return>  to replace it with another command,
or  <return>  to continue without it.


! Package babel Error: Unknown language `german'. Either you have
(babel)                misspelled its name, it has not been installed,
(babel)                or you requested it in a previous run. Fix its name,
(babel)                install it or just rerun the file, respectively. In
(babel)                some cases, you may need to remove the aux file.

See the babel package documentation for explanation.
Type  H <return>  for immediate help.
 ...                                              
                                                  
l.34 \begin{otherlanguage}{german}
                                  
You may proceed, but expect wrong results


! LaTeX Error: Environment abstract undefined.

See the LaTeX manual or LaTeX Companion for explanation.
Type  H <return>  for immediate help.
 ...                                              
                                                  
l.35 \begin{abstract}
                       % Zusammenfassung
Your command was ignored.
Type  I <command> <return>  to replace it with another command,
or  <return>  to continue without it.


Overfull \hbox (20.0pt too wide) in paragraph at lines 32--36
[]
 []


! LaTeX Error: Missing \begin{document}.

See the LaTeX manual or LaTeX Companion for explanation.
Type  H <return>  for immediate help.
 ...                                              
                                                  
l.37 Z
      usammenfassung. (Sollte das gesamte Werk enthalten, also das spannende...

You're in trouble here.  Try typing  <return>  to proceed.
If that doesn't work, type  X <return>  to quit.

Missing character: There is no Z in font nullfont!
Missing character: There is no u in font nullfont!
Missing character: There is no s in font nullfont!
Missing character: There is no a in font nullfont!
Missing character: There is no m in font nullfont!
Missing character: There is no m in font nullfont!
Missing character: There is no e in font nullfont!
Missing character: There is no n in font nullfont!
Missing character: There is no f in font nullfont!
Missing character: There is no a in font nullfont!
Missing character: There is no s in font nullfont!
Missing character: There is no s in font nullfont!
Missing character: There is no u in font nullfont!
Missing character: There is no n in font nullfont!
Missing character: There is no g in font nullfont!
Missing character: There is no . in font nullfont!
Missing character: There is no ( in font nullfont!
Missing character: There is no S in font nullfont!
Missing character: There is no o in font nullfont!
Missing character: There is no l in font nullfont!
Missing character: There is no l in font nullfont!
Missing character: There is no t in font nullfont!
Missing character: There is no e in font nullfont!
Missing character: There is no d in font nullfont!
Missing character: There is no a in font nullfont!
Missing character: There is no s in font nullfont!
Missing character: There is no g in font nullfont!
Missing character: There is no e in font nullfont!
Missing character: There is no s in font nullfont!
Missing character: There is no a in font nullfont!
Missing character: There is no m in font nullfont!
Missing character: There is no t in font nullfont!
Missing character: There is no e in font nullfont!
Missing character: There is no W in font nullfont!
Missing character: There is no e in font nullfont!
Missing character: There is no r in font nullfont!
Missing character: There is no k in font nullfont!
Missing character: There is no e in font nullfont!
Missing character: There is no n in font nullfont!
Missing character: There is no t in font nullfont!
Missing character: There is no h in font nullfont!
Missing character: There is no a in font nullfont!
Missing character: There is no l in font nullfont!
Missing character: There is no t in font nullfont!
Missing character: There is no e in font nullfont!
Missing character: There is no n in font nullfont!
Missing character: There is no , in font nullfont!
Missing character: There is no a in font nullfont!
Missing character: There is no l in font nullfont!
Missing character: There is no s in font nullfont!
Missing character: There is no o in font nullfont!
Missing character: There is no d in font nullfont!
Missing character: There is no a in font nullfont!
Missing character: There is no s in font nullfont!
Missing character: There is no s in font nullfont!
Missing character: There is no p in font nullfont!
Missing character: There is no a in font nullfont!
Missing character: There is no n in font nullfont!
Missing character: There is no n in font nullfont!
Missing character: There is no e in font nullfont!
Missing character: There is no n in font nullfont!
Missing character: There is no d in font nullfont!
Missing character: There is no e in font nullfont!
Missing character: There is no P in font nullfont!
Missing character: There is no r in font nullfont!
Missing character: There is no o in font nullfont!
Missing character: There is no b in font nullfont!
Missing character: There is no l in font nullfont!
Missing character: There is no e in font nullfont!
Missing character: There is no m in font nullfont!
Missing character: There is no , in font nullfont!
Missing character: There is no d in font nullfont!
Missing character: There is no e in font nullfont!
Missing character: There is no n in font nullfont!
Missing character: There is no g in font nullfont!
Missing character: There is no e in font nullfont!
Missing character: There is no w in font nullfont!
LaTeX Font Info:    Try loading font information for +cmr on input line 37.
LaTeX Font Info:    No file cmr.fd. on input line 37.

LaTeX Font Warning: Font shape `/cmr/m/n' undefined
(Font)              using `/cmr/m/n' instead on input line 37.

! Corrupted NFSS tables.
wrong@fontshape ...message {Corrupted NFSS tables}
                                                  error@fontshape else let f...
l.37 ...ten, also das spannende Problem, den gewä
                                                  hlten --neuartigen-- Lösu...
This error message was generated by an \errmessage
command, so I can't give any explicit help.
Pretend that you're Hercule Poirot: Examine all clues,
and deduce the truth by order and method.


LaTeX Font Warning: Font shape `/cmr/m/n' undefined
(Font)              using `OT1/cmr/m/n' instead on input line 37.

Missing character: There is no h in font nullfont!
Missing character: There is no l in font nullfont!
Missing character: There is no t in font nullfont!
Missing character: There is no e in font nullfont!
Missing character: There is no n in font nullfont!
Missing character: There is no - in font nullfont!
Missing character: There is no - in font nullfont!
Missing character: There is no n in font nullfont!
Missing character: There is no e in font nullfont!
Missing character: There is no u in font nullfont!
Missing character: There is no a in font nullfont!
Missing character: There is no r in font nullfont!
Missing character: There is no t in font nullfont!
Missing character: There is no i in font nullfont!
Missing character: There is no g in font nullfont!
Missing character: There is no e in font nullfont!
Missing character: There is no n in font nullfont!
Missing character: There is no - in font nullfont!
Missing character: There is no - in font nullfont!
Missing character: There is no L in font nullfont!
Missing character: There is no s in font nullfont!
Missing character: There is no u in font nullfont!
Missing character: There is no n in font nullfont!
Missing character: There is no g in font nullfont!
Missing character: There is no s in font nullfont!
Missing character: There is no a in font nullfont!
Missing character: There is no n in font nullfont!
Missing character: There is no s in font nullfont!
Missing character: There is no a in font nullfont!
Missing character: There is no t in font nullfont!
Missing character: There is no z in font nullfont!
Missing character: There is no u in font nullfont!
Missing character: There is no n in font nullfont!
Missing character: There is no d in font nullfont!
Missing character: There is no n in font nullfont!
Missing character: There is no a in font nullfont!
Missing character: There is no t in font nullfont!
Missing character: There is no r in font nullfont!
Missing character: There is no l in font nullfont!
Missing character: There is no i in font nullfont!
Missing character: There is no c in font nullfont!
Missing character: There is no h in font nullfont!
Missing character: There is no v in font nullfont!
Missing character: There is no o in font nullfont!
Missing character: There is no r in font nullfont!
Missing character: There is no a in font nullfont!
Missing character: There is no l in font nullfont!
Missing character: There is no l in font nullfont!
Missing character: There is no e in font nullfont!
Missing character: There is no m in font nullfont!
Missing character: There is no d in font nullfont!
Missing character: There is no i in font nullfont!
Missing character: There is no e in font nullfont!
Missing character: There is no e in font nullfont!
Missing character: There is no r in font nullfont!
Missing character: There is no r in font nullfont!
Missing character: There is no e in font nullfont!
Missing character: There is no i in font nullfont!
Missing character: There is no c in font nullfont!
Missing character: There is no h in font nullfont!
Missing character: There is no t in font nullfont!
Missing character: There is no e in font nullfont!
Missing character: There is no n in font nullfont!
Missing character: There is no R in font nullfont!
Missing character: There is no e in font nullfont!
Missing character: There is no s in font nullfont!
Missing character: There is no u in font nullfont!
Missing character: There is no l in font nullfont!
Missing character: There is no t in font nullfont!
Missing character: There is no a in font nullfont!
Missing character: There is no t in font nullfont!
Missing character: There is no e in font nullfont!
Missing character: There is no ) in font nullfont!
Missing character: There is no . in font nullfont!

Overfull \hbox (20.0pt too wide) in paragraph at lines 37--38
[]
 []


Overfull \hbox (10.00003pt too wide) in paragraph at lines 37--38
\/cmr/m/n/10 ^^?a
 []


Overfull \hbox (5.00002pt too wide) in paragraph at lines 37--38
\/cmr/m/n/10 ^^?o
 []


Overfull \hbox (5.55557pt too wide) in paragraph at lines 37--38
\/cmr/m/n/10 ^^?u
 []


! LaTeX Error: \begin{otherlanguage} on input line 34 ended by \end{abstract}.

See the LaTeX manual or LaTeX Companion for explanation.
Type  H <return>  for immediate help.
 ...                                              
                                                  
l.39 \end{abstract}
                   
Your command was ignored.
Type  I <command> <return>  to replace it with another command,
or  <return>  to continue without it.


! Package babel Error: Unknown language `english'. Either you have
(babel)                misspelled its name, it has not been installed,
(babel)                or you requested it in a previous run. Fix its name,
(babel)                install it or just rerun the file, respectively. In
(babel)                some cases, you may need to remove the aux file.

See the babel package documentation for explanation.
Type  H <return>  for immediate help.
 ...                                              
                                                  
l.40 \end{otherlanguage}
                        
You may proceed, but expect wrong results


! LaTeX Error: \begin{document} ended by \end{titlepage}.

See the LaTeX manual or LaTeX Companion for explanation.
Type  H <return>  for immediate help.
 ...                                              
                                                  
l.41 \end{titlepage}
                    
Your command was ignored.
Type  I <command> <return>  to replace it with another command,
or  <return>  to continue without it.

)
! Emergency stop.
<*> 03_abstract.tex
                   
*** (job aborted, no legal \end found)

 
Here is how much of TeX's memory you used:
 23 strings out of 494493
 316 string characters out of 6174426
 53882 words of memory out of 5000000
 3781 multiletter control sequences out of 15000+600000
 3986 words of font info for 15 fonts, out of 8000000 for 9000
 36 hyphenation exceptions out of 8191
 24i,5n,16p,429b,173s stack positions out of 5000i,500n,10000p,200000b,80000s
!  ==> Fatal error occurred, no output PDF file produced!
